app/build/outputs/logs/manifest-merger-debug-report.txt
-- Merging decision tree log ---
manifest
ADDED from src/main/AndroidManifest.xml:2:1-58:12
INJECTED from src/main/AndroidManifest.xml:2:1-58:12
INJECTED from src/main/AndroidManifest.xml:2:1-58:12
INJECTED from src/main/AndroidManifest.xml:2:1-58:12
INJECTED from src/main/AndroidManifest.xml:2:1-58:12
INJECTED from src/main/AndroidManifest.xml:2:1-58:12
INJECTED from src/main/AndroidManifest.xml:2:1-58:12
	package
		ADDED from src/main/AndroidManifest.xml:3:5-37
		INJECTED from src/main/AndroidManifest.xml
		INJECTED from src/main/AndroidManifest.xml
	android:versionName
		ADDED from src/main/AndroidManifest.xml:5:5-30
		INJECTED from src/main/AndroidManifest.xml
		INJECTED from src/main/AndroidManifest.xml
	xmlns:android
		ADDED from src/main/AndroidManifest.xml:2:11-69
	android:versionCode
		ADDED from src/main/AndroidManifest.xml:4:5-29
		INJECTED from src/main/AndroidManifest.xml
		INJECTED from src/main/AndroidManifest.xml
uses-sdk
ADDED from src/main/AndroidManifest.xml:7:5-43
INJECTED from src/main/AndroidManifest.xml:7:5-43
INJECTED from src/main/AndroidManifest.xml:7:5-43
INJECTED from src/main/AndroidManifest.xml:7:5-43
INJECTED from src/main/AndroidManifest.xml:7:5-43
	android:targetSdkVersion
		INJECTED from src/main/AndroidManifest.xml
		INJECTED from src/main/AndroidManifest.xml
	android:minSdkVersion
		ADDED from src/main/AndroidManifest.xml:7:15-40
		INJECTED from src/main/AndroidManifest.xml
		INJECTED from src/main/AndroidManifest.xml
application
ADDED from src/main/AndroidManifest.xml:9:5-44:19
	android:label
		ADDED from src/main/AndroidManifest.xml:12:9-41
	android:icon
		ADDED from src/main/AndroidManifest.xml:11:9-38
	android:theme
		ADDED from src/main/AndroidManifest.xml:13:9-56
	android:name
		ADDED from src/main/AndroidManifest.xml:10:9-44
activity#com.netease.qa.emmagee.activity.MainPageActivity
ADDED from src/main/AndroidManifest.xml:14:9-24:20
	android:screenOrientation
		ADDED from src/main/AndroidManifest.xml:18:13-49
	android:launchMode
		ADDED from src/main/AndroidManifest.xml:17:13-48
	android:configChanges
		ADDED from src/main/AndroidManifest.xml:16:13-63
	android:name
		ADDED from src/main/AndroidManifest.xml:15:13-54
intent-filter#android.intent.action.MAIN+android.intent.category.LAUNCHER
ADDED from src/main/AndroidManifest.xml:19:13-23:29
action#android.intent.action.MAIN
ADDED from src/main/AndroidManifest.xml:20:17-69
	android:name
		ADDED from src/main/AndroidManifest.xml:20:25-66
category#android.intent.category.LAUNCHER
ADDED from src/main/AndroidManifest.xml:22:18-76
	android:name
		ADDED from src/main/AndroidManifest.xml:22:28-75
activity#com.netease.qa.emmagee.activity.SettingsActivity
ADDED from src/main/AndroidManifest.xml:25:9-29:50
	android:screenOrientation
		ADDED from src/main/AndroidManifest.xml:28:13-49
	android:launchMode
		ADDED from src/main/AndroidManifest.xml:27:13-48
	android:theme
		ADDED from src/main/AndroidManifest.xml:29:13-47
	android:name
		ADDED from src/main/AndroidManifest.xml:26:13-54
activity#com.netease.qa.emmagee.activity.AboutActivity
ADDED from src/main/AndroidManifest.xml:30:9-32:52
	android:screenOrientation
		ADDED from src/main/AndroidManifest.xml:32:13-49
	android:name
		ADDED from src/main/AndroidManifest.xml:31:13-51
activity#com.netease.qa.emmagee.activity.MailSettingsActivity
ADDED from src/main/AndroidManifest.xml:33:9-35:52
	android:screenOrientation
		ADDED from src/main/AndroidManifest.xml:35:13-49
	android:name
		ADDED from src/main/AndroidManifest.xml:34:13-58
activity#com.netease.qa.emmagee.activity.TestListActivity
ADDED from src/main/AndroidManifest.xml:36:9-38:52
	android:screenOrientation
		ADDED from src/main/AndroidManifest.xml:38:13-49
	android:name
		ADDED from src/main/AndroidManifest.xml:37:13-54
activity#com.netease.qa.emmagee.activity.TestReportActivity
ADDED from src/main/AndroidManifest.xml:39:9-41:52
	android:screenOrientation
		ADDED from src/main/AndroidManifest.xml:41:13-49
	android:name
		ADDED from src/main/AndroidManifest.xml:40:13-56
service#com.netease.qa.emmagee.service.EmmageeService
ADDED from src/main/AndroidManifest.xml:43:9-81
	android:name
		ADDED from src/main/AndroidManifest.xml:43:18-78
uses-permission#android.permission.SYSTEM_ALERT_WINDOW
ADDED from src/main/AndroidManifest.xml:46:5-78
	android:name
		ADDED from src/main/AndroidManifest.xml:46:22-75
uses-permission#android.permission.MOUNT_UNMOUNT_FILESYSTEMS
ADDED from src/main/AndroidManifest.xml:47:5-84
	android:name
		ADDED from src/main/AndroidManifest.xml:47:22-81
uses-permission#android.permission.WRITE_EXTERNAL_STORAGE
ADDED from src/main/AndroidManifest.xml:48:5-81
	android:name
		ADDED from src/main/AndroidManifest.xml:48:22-78
uses-permission#android.permission.READ_LOGS
ADDED from src/main/AndroidManifest.xml:49:5-68
	android:name
		ADDED from src/main/AndroidManifest.xml:49:22-65
uses-permission#android.permission.ACCESS_WIFI_STATE
ADDED from src/main/AndroidManifest.xml:50:5-76
	android:name
		ADDED from src/main/AndroidManifest.xml:50:22-73
uses-permission#android.permission.CHANGE_WIFI_STATE
ADDED from src/main/AndroidManifest.xml:51:5-76
	android:name
		ADDED from src/main/AndroidManifest.xml:51:22-73
uses-permission#android.permission.WAKE_LOCK
ADDED from src/main/AndroidManifest.xml:52:5-68
	android:name
		ADDED from src/main/AndroidManifest.xml:52:22-65
uses-permission#android.permission.INTERNET
ADDED from src/main/AndroidManifest.xml:53:5-67
	android:name
		ADDED from src/main/AndroidManifest.xml:53:22-64
uses-permission#android.permission.ACCESS_NETWORK_STATE
ADDED from src/main/AndroidManifest.xml:54:5-79
	android:name
		ADDED from src/main/AndroidManifest.xml:54:22-76
uses-permission#android.permission.GET_TASKS
ADDED from src/main/AndroidManifest.xml:55:5-68
	android:name
		ADDED from src/main/AndroidManifest.xml:55:22-65